# Logfile created on 2011-10-22 14:11:48 -0500 by logger.rb/25413
REQUESTING PAGE: GET / with {} and HTTP headers {}
REQUESTING PAGE: GET / with {} and HTTP headers {}
REQUESTING PAGE: GET / with {} and HTTP headers {}
REQUESTING PAGE: GET / with {} and HTTP headers {}
REQUESTING PAGE: GET / with {} and HTTP headers {}
REQUESTING PAGE: GET /signup with {} and HTTP headers {}
REQUESTING PAGE: POST /users with {"utf8"=>"\xE2\x9C\x93", "user"=>{"name"=>"", "real_name"=>"", "email"=>"mhartl@example.com", "password"=>"foobarfoo", "password_confirmation"=>""}, "commit"=>"Register"} and HTTP headers {"HTTP_REFERER"=>"/signup"}
REQUESTING PAGE: GET / with {} and HTTP headers {"HTTP_REFERER"=>"/users"}
REQUESTING PAGE: GET / with {} and HTTP headers {}
REQUESTING PAGE: GET /signup with {} and HTTP headers {}
REQUESTING PAGE: POST /users with {"utf8"=>"\xE2\x9C\x93", "user"=>{"name"=>"", "real_name"=>"", "email"=>"mhartl@example.com", "password"=>"foobarfoo", "password_confirmation"=>""}, "commit"=>"Register"} and HTTP headers {"HTTP_REFERER"=>"/signup"}
REQUESTING PAGE: GET / with {} and HTTP headers {"HTTP_REFERER"=>"/users"}
REQUESTING PAGE: GET / with {} and HTTP headers {}
REQUESTING PAGE: GET /signup with {} and HTTP headers {}
REQUESTING PAGE: POST /users with {"utf8"=>"\xE2\x9C\x93", "user"=>{"name"=>"", "real_name"=>"", "email"=>"mhartl@example.com", "password"=>"foobarfoo", "password_confirmation"=>""}, "commit"=>"Register"} and HTTP headers {"HTTP_REFERER"=>"/signup"}
REQUESTING PAGE: GET / with {} and HTTP headers {"HTTP_REFERER"=>"/users"}
REQUESTING PAGE: GET / with {} and HTTP headers {}
REQUESTING PAGE: GET / with {} and HTTP headers {}
REQUESTING PAGE: GET / with {} and HTTP headers {}
REQUESTING PAGE: GET / with {} and HTTP headers {}
REQUESTING PAGE: GET / with {} and HTTP headers {}
REQUESTING PAGE: GET / with {} and HTTP headers {}
REQUESTING PAGE: GET / with {} and HTTP headers {}
REQUESTING PAGE: GET / with {} and HTTP headers {}
REQUESTING PAGE: GET / with {} and HTTP headers {}
REQUESTING PAGE: GET / with {} and HTTP headers {}
REQUESTING PAGE: GET / with {} and HTTP headers {}
REQUESTING PAGE: GET / with {} and HTTP headers {}
REQUESTING PAGE: GET / with {} and HTTP headers {}
REQUESTING PAGE: GET / with {} and HTTP headers {}
REQUESTING PAGE: GET / with {} and HTTP headers {}
REQUESTING PAGE: GET / with {} and HTTP headers {}
REQUESTING PAGE: GET / with {} and HTTP headers {}
REQUESTING PAGE: GET / with {} and HTTP headers {}
REQUESTING PAGE: GET / with {} and HTTP headers {}
REQUESTING PAGE: GET / with {} and HTTP headers {}
REQUESTING PAGE: GET / with {} and HTTP headers {}
REQUESTING PAGE: GET / with {} and HTTP headers {}
REQUESTING PAGE: GET / with {} and HTTP headers {}
REQUESTING PAGE: GET / with {} and HTTP headers {}
REQUESTING PAGE: GET / with {} and HTTP headers {}
REQUESTING PAGE: GET / with {} and HTTP headers {}
REQUESTING PAGE: GET / with {} and HTTP headers {}
REQUESTING PAGE: GET / with {} and HTTP headers {}
REQUESTING PAGE: GET / with {} and HTTP headers {}
REQUESTING PAGE: GET / with {} and HTTP headers {}
REQUESTING PAGE: GET / with {} and HTTP headers {}
REQUESTING PAGE: GET / with {} and HTTP headers {}
REQUESTING PAGE: GET / with {} and HTTP headers {}
REQUESTING PAGE: GET / with {} and HTTP headers {}
REQUESTING PAGE: GET / with {} and HTTP headers {}
REQUESTING PAGE: GET / with {} and HTTP headers {}
REQUESTING PAGE: GET / with {} and HTTP headers {}
REQUESTING PAGE: GET / with {} and HTTP headers {}
REQUESTING PAGE: GET / with {} and HTTP headers {}
REQUESTING PAGE: GET / with {} and HTTP headers {}
REQUESTING PAGE: GET / with {} and HTTP headers {}
REQUESTING PAGE: GET / with {} and HTTP headers {}
REQUESTING PAGE: GET / with {} and HTTP headers {}
REQUESTING PAGE: GET / with {} and HTTP headers {}
REQUESTING PAGE: GET / with {} and HTTP headers {}
REQUESTING PAGE: GET / with {} and HTTP headers {}
REQUESTING PAGE: GET / with {} and HTTP headers {}
REQUESTING PAGE: GET / with {} and HTTP headers {}
REQUESTING PAGE: GET / with {} and HTTP headers {}
REQUESTING PAGE: GET / with {} and HTTP headers {}
REQUESTING PAGE: GET / with {} and HTTP headers {}
REQUESTING PAGE: GET / with {} and HTTP headers {}
REQUESTING PAGE: GET / with {} and HTTP headers {}
REQUESTING PAGE: GET / with {} and HTTP headers {}
REQUESTING PAGE: GET / with {} and HTTP headers {}
REQUESTING PAGE: GET / with {} and HTTP headers {}
REQUESTING PAGE: GET / with {} and HTTP headers {}
REQUESTING PAGE: GET / with {} and HTTP headers {}
REQUESTING PAGE: GET / with {} and HTTP headers {}
REQUESTING PAGE: GET / with {} and HTTP headers {}
REQUESTING PAGE: GET / with {} and HTTP headers {}
REQUESTING PAGE: GET / with {} and HTTP headers {}
REQUESTING PAGE: GET / with {} and HTTP headers {}
REQUESTING PAGE: GET / with {} and HTTP headers {}
REQUESTING PAGE: GET /users/1/edit with {} and HTTP headers {}
REQUESTING PAGE: GET http://www.example.com/signin with {} and HTTP headers {"HTTP_REFERER"=>"/users/1/edit"}
REQUESTING PAGE: POST /sessions with {"utf8"=>"\xE2\x9C\x93", "session"=>{"email"=>"mhartl@example.com", "password"=>"foobarfoo"}, "commit"=>"Sign in"} and HTTP headers {"HTTP_REFERER"=>"http://www.example.com/signin"}
REQUESTING PAGE: GET http://www.example.com/ with {} and HTTP headers {"HTTP_REFERER"=>"/sessions"}
REQUESTING PAGE: GET / with {} and HTTP headers {}
REQUESTING PAGE: GET /users/1/edit with {} and HTTP headers {}
REQUESTING PAGE: GET http://www.example.com/signin with {} and HTTP headers {"HTTP_REFERER"=>"/users/1/edit"}
REQUESTING PAGE: POST /sessions with {"utf8"=>"\xE2\x9C\x93", "session"=>{"email"=>"mhartl@example.com", "password"=>"foobarfoo"}, "commit"=>"Sign in"} and HTTP headers {"HTTP_REFERER"=>"http://www.example.com/signin"}
REQUESTING PAGE: GET http://www.example.com/users/1/edit with {} and HTTP headers {"HTTP_REFERER"=>"/sessions"}
REQUESTING PAGE: GET / with {} and HTTP headers {}
REQUESTING PAGE: GET /users/1/edit with {} and HTTP headers {}
REQUESTING PAGE: GET http://www.example.com/signin with {} and HTTP headers {"HTTP_REFERER"=>"/users/1/edit"}
REQUESTING PAGE: POST /sessions with {"utf8"=>"\xE2\x9C\x93", "session"=>{"email"=>"mhartl@example.com", "password"=>"foobarfoo"}, "commit"=>"Sign in"} and HTTP headers {"HTTP_REFERER"=>"http://www.example.com/signin"}
REQUESTING PAGE: GET http://www.example.com/users/1/edit with {} and HTTP headers {"HTTP_REFERER"=>"/sessions"}
REQUESTING PAGE: GET / with {} and HTTP headers {}
REQUESTING PAGE: GET /users/1/edit with {} and HTTP headers {}
REQUESTING PAGE: GET http://www.example.com/signin with {} and HTTP headers {"HTTP_REFERER"=>"/users/1/edit"}
REQUESTING PAGE: POST /sessions with {"utf8"=>"\xE2\x9C\x93", "session"=>{"email"=>"mhartl@example.com", "password"=>"foobarfoo"}, "commit"=>"Sign in"} and HTTP headers {"HTTP_REFERER"=>"http://www.example.com/signin"}
REQUESTING PAGE: GET http://www.example.com/users/1/edit with {} and HTTP headers {"HTTP_REFERER"=>"/sessions"}
REQUESTING PAGE: GET / with {} and HTTP headers {}
REQUESTING PAGE: GET /users/1/edit with {} and HTTP headers {}
REQUESTING PAGE: GET http://www.example.com/signin with {} and HTTP headers {"HTTP_REFERER"=>"/users/1/edit"}
REQUESTING PAGE: POST /sessions with {"utf8"=>"\xE2\x9C\x93", "session"=>{"email"=>"mhartl@example.com", "password"=>"foobarfoo"}, "commit"=>"Sign in"} and HTTP headers {"HTTP_REFERER"=>"http://www.example.com/signin"}
REQUESTING PAGE: GET http://www.example.com/users/1/edit with {} and HTTP headers {"HTTP_REFERER"=>"/sessions"}
REQUESTING PAGE: GET / with {} and HTTP headers {}
REQUESTING PAGE: GET /users/1/edit with {} and HTTP headers {}
REQUESTING PAGE: GET http://www.example.com/signin with {} and HTTP headers {"HTTP_REFERER"=>"/users/1/edit"}
REQUESTING PAGE: POST /sessions with {"utf8"=>"\xE2\x9C\x93", "session"=>{"email"=>"mhartl@example.com", "password"=>"foobarfoo"}, "commit"=>"Sign in"} and HTTP headers {"HTTP_REFERER"=>"http://www.example.com/signin"}
REQUESTING PAGE: GET http://www.example.com/ with {} and HTTP headers {"HTTP_REFERER"=>"/sessions"}
REQUESTING PAGE: GET / with {} and HTTP headers {}
REQUESTING PAGE: GET /users/1/edit with {} and HTTP headers {}
REQUESTING PAGE: GET http://www.example.com/signin with {} and HTTP headers {"HTTP_REFERER"=>"/users/1/edit"}
REQUESTING PAGE: POST /sessions with {"utf8"=>"\xE2\x9C\x93", "session"=>{"email"=>"mhartl@example.com", "password"=>"foobarfoo"}, "commit"=>"Sign in"} and HTTP headers {"HTTP_REFERER"=>"http://www.example.com/signin"}
REQUESTING PAGE: GET http://www.example.com/ with {} and HTTP headers {"HTTP_REFERER"=>"/sessions"}
REQUESTING PAGE: GET / with {} and HTTP headers {}
REQUESTING PAGE: GET /users/1/edit with {} and HTTP headers {}
REQUESTING PAGE: POST /users/1 with {"utf8"=>"\xE2\x9C\x93", "_method"=>"put", "user"=>{"name"=>"Michael Hartl", "email"=>"mhartl@example.com", "password"=>"foobarfoo", "password_confirmation"=>""}, "commit"=>"Update"} and HTTP headers {"HTTP_REFERER"=>"/users/1/edit"}
REQUESTING PAGE: GET / with {} and HTTP headers {}
REQUESTING PAGE: GET /users/1/edit with {} and HTTP headers {}
REQUESTING PAGE: GET http://www.example.com/signin with {} and HTTP headers {"HTTP_REFERER"=>"/users/1/edit"}
REQUESTING PAGE: POST /sessions with {"utf8"=>"\xE2\x9C\x93", "session"=>{"email"=>"mhartl@example.com", "password"=>"foobarfoo"}, "commit"=>"Sign in"} and HTTP headers {"HTTP_REFERER"=>"http://www.example.com/signin"}
REQUESTING PAGE: GET http://www.example.com/ with {} and HTTP headers {"HTTP_REFERER"=>"/sessions"}
REQUESTING PAGE: GET / with {} and HTTP headers {}
REQUESTING PAGE: GET /users/1/edit with {} and HTTP headers {}
REQUESTING PAGE: GET http://www.example.com/signin with {} and HTTP headers {"HTTP_REFERER"=>"/users/1/edit"}
REQUESTING PAGE: POST /sessions with {"utf8"=>"\xE2\x9C\x93", "session"=>{"email"=>"mhartl@example.com", "password"=>"foobarfoo"}, "commit"=>"Sign in"} and HTTP headers {"HTTP_REFERER"=>"http://www.example.com/signin"}
REQUESTING PAGE: GET http://www.example.com/ with {} and HTTP headers {"HTTP_REFERER"=>"/sessions"}
REQUESTING PAGE: GET / with {} and HTTP headers {}
REQUESTING PAGE: GET /users/1/edit with {} and HTTP headers {}
REQUESTING PAGE: GET http://www.example.com/signin with {} and HTTP headers {"HTTP_REFERER"=>"/users/1/edit"}
REQUESTING PAGE: POST /sessions with {"utf8"=>"\xE2\x9C\x93", "session"=>{"email"=>"mhartl@example.com", "password"=>"foobarfoo"}, "commit"=>"Sign in"} and HTTP headers {"HTTP_REFERER"=>"http://www.example.com/signin"}
REQUESTING PAGE: GET http://www.example.com/ with {} and HTTP headers {"HTTP_REFERER"=>"/sessions"}
REQUESTING PAGE: GET / with {} and HTTP headers {}
REQUESTING PAGE: GET /users/1/edit with {} and HTTP headers {}
REQUESTING PAGE: GET http://www.example.com/signin with {} and HTTP headers {"HTTP_REFERER"=>"/users/1/edit"}
REQUESTING PAGE: POST /sessions with {"utf8"=>"\xE2\x9C\x93", "session"=>{"email"=>"mhartl@example.com", "password"=>"foobarfoo"}, "commit"=>"Sign in"} and HTTP headers {"HTTP_REFERER"=>"http://www.example.com/signin"}
REQUESTING PAGE: GET http://www.example.com/ with {} and HTTP headers {"HTTP_REFERER"=>"/sessions"}
REQUESTING PAGE: GET / with {} and HTTP headers {}
REQUESTING PAGE: GET /users/1/edit with {} and HTTP headers {}
REQUESTING PAGE: GET http://www.example.com/signin with {} and HTTP headers {"HTTP_REFERER"=>"/users/1/edit"}
REQUESTING PAGE: POST /sessions with {"utf8"=>"\xE2\x9C\x93", "session"=>{"email"=>"mhartl@example.com", "password"=>"foobarfoo"}, "commit"=>"Sign in"} and HTTP headers {"HTTP_REFERER"=>"http://www.example.com/signin"}
REQUESTING PAGE: GET http://www.example.com/ with {} and HTTP headers {"HTTP_REFERER"=>"/sessions"}
REQUESTING PAGE: GET / with {} and HTTP headers {}
REQUESTING PAGE: GET /users/1/edit with {} and HTTP headers {}
REQUESTING PAGE: GET http://www.example.com/signin with {} and HTTP headers {"HTTP_REFERER"=>"/users/1/edit"}
REQUESTING PAGE: POST /sessions with {"utf8"=>"\xE2\x9C\x93", "session"=>{"email"=>"mhartl@example.com", "password"=>"foobarfoo"}, "commit"=>"Sign in"} and HTTP headers {"HTTP_REFERER"=>"http://www.example.com/signin"}
REQUESTING PAGE: GET http://www.example.com/users/1/edit with {} and HTTP headers {"HTTP_REFERER"=>"/sessions"}
REQUESTING PAGE: GET / with {} and HTTP headers {}
REQUESTING PAGE: GET /users/1/edit with {} and HTTP headers {}
REQUESTING PAGE: GET http://www.example.com/signin with {} and HTTP headers {"HTTP_REFERER"=>"/users/1/edit"}
REQUESTING PAGE: POST /sessions with {"utf8"=>"\xE2\x9C\x93", "session"=>{"email"=>"mhartl@example.com", "password"=>"foobarfoo"}, "commit"=>"Sign in"} and HTTP headers {"HTTP_REFERER"=>"http://www.example.com/signin"}
REQUESTING PAGE: GET http://www.example.com/users/1/edit with {} and HTTP headers {"HTTP_REFERER"=>"/sessions"}
REQUESTING PAGE: GET / with {} and HTTP headers {}
REQUESTING PAGE: GET /users/1/edit with {} and HTTP headers {}
REQUESTING PAGE: GET http://www.example.com/signin with {} and HTTP headers {"HTTP_REFERER"=>"/users/1/edit"}
REQUESTING PAGE: POST /sessions with {"utf8"=>"\xE2\x9C\x93", "session"=>{"email"=>"mhartl@example.com", "password"=>"foobarfoo"}, "commit"=>"Sign in"} and HTTP headers {"HTTP_REFERER"=>"http://www.example.com/signin"}
REQUESTING PAGE: GET http://www.example.com/users/1/edit with {} and HTTP headers {"HTTP_REFERER"=>"/sessions"}
REQUESTING PAGE: GET / with {} and HTTP headers {}
REQUESTING PAGE: GET /users/1/edit with {} and HTTP headers {}
REQUESTING PAGE: GET http://www.example.com/signin with {} and HTTP headers {"HTTP_REFERER"=>"/users/1/edit"}
REQUESTING PAGE: POST /sessions with {"utf8"=>"\xE2\x9C\x93", "session"=>{"email"=>"mhartl@example.com", "password"=>"foobarfoo"}, "commit"=>"Sign in"} and HTTP headers {"HTTP_REFERER"=>"http://www.example.com/signin"}
REQUESTING PAGE: GET http://www.example.com/users/1/edit with {} and HTTP headers {"HTTP_REFERER"=>"/sessions"}
REQUESTING PAGE: GET / with {} and HTTP headers {}
REQUESTING PAGE: GET /users/1/edit with {} and HTTP headers {}
REQUESTING PAGE: GET http://www.example.com/signin with {} and HTTP headers {"HTTP_REFERER"=>"/users/1/edit"}
REQUESTING PAGE: POST /sessions with {"utf8"=>"\xE2\x9C\x93", "session"=>{"email"=>"mhartl@example.com", "password"=>"foobarfoo"}, "commit"=>"Sign in"} and HTTP headers {"HTTP_REFERER"=>"http://www.example.com/signin"}
REQUESTING PAGE: GET http://www.example.com/users/1/edit with {} and HTTP headers {"HTTP_REFERER"=>"/sessions"}
REQUESTING PAGE: GET / with {} and HTTP headers {}
REQUESTING PAGE: GET /users/1/edit with {} and HTTP headers {}
REQUESTING PAGE: GET http://www.example.com/signin with {} and HTTP headers {"HTTP_REFERER"=>"/users/1/edit"}
REQUESTING PAGE: POST /sessions with {"utf8"=>"\xE2\x9C\x93", "session"=>{"email"=>"mhartl@example.com", "password"=>"foobarfoo"}, "commit"=>"Sign in"} and HTTP headers {"HTTP_REFERER"=>"http://www.example.com/signin"}
REQUESTING PAGE: GET http://www.example.com/users/1/edit with {} and HTTP headers {"HTTP_REFERER"=>"/sessions"}
REQUESTING PAGE: GET / with {} and HTTP headers {}
REQUESTING PAGE: GET /users/1/edit with {} and HTTP headers {}
REQUESTING PAGE: GET http://www.example.com/signin with {} and HTTP headers {"HTTP_REFERER"=>"/users/1/edit"}
REQUESTING PAGE: POST /sessions with {"utf8"=>"\xE2\x9C\x93", "session"=>{"email"=>"mhartl@example.com", "password"=>"foobarfoo"}, "commit"=>"Sign in"} and HTTP headers {"HTTP_REFERER"=>"http://www.example.com/signin"}
REQUESTING PAGE: GET http://www.example.com/users/1/edit with {} and HTTP headers {"HTTP_REFERER"=>"/sessions"}
REQUESTING PAGE: GET / with {} and HTTP headers {}
REQUESTING PAGE: GET /users/1/edit with {} and HTTP headers {}
REQUESTING PAGE: GET http://www.example.com/signin with {} and HTTP headers {"HTTP_REFERER"=>"/users/1/edit"}
REQUESTING PAGE: POST /sessions with {"utf8"=>"\xE2\x9C\x93", "session"=>{"email"=>"mhartl@example.com", "password"=>"foobarfoo"}, "commit"=>"Sign in"} and HTTP headers {"HTTP_REFERER"=>"http://www.example.com/signin"}
REQUESTING PAGE: GET http://www.example.com/users/1/edit with {} and HTTP headers {"HTTP_REFERER"=>"/sessions"}
REQUESTING PAGE: GET / with {} and HTTP headers {}
REQUESTING PAGE: GET /users/1/edit with {} and HTTP headers {}
REQUESTING PAGE: GET http://www.example.com/signin with {} and HTTP headers {"HTTP_REFERER"=>"/users/1/edit"}
REQUESTING PAGE: POST /sessions with {"utf8"=>"\xE2\x9C\x93", "session"=>{"email"=>"mhartl@example.com", "password"=>"foobarfoo"}, "commit"=>"Sign in"} and HTTP headers {"HTTP_REFERER"=>"http://www.example.com/signin"}
REQUESTING PAGE: GET http://www.example.com/users/1/edit with {} and HTTP headers {"HTTP_REFERER"=>"/sessions"}
REQUESTING PAGE: GET / with {} and HTTP headers {}
REQUESTING PAGE: GET /users/1/edit with {} and HTTP headers {}
REQUESTING PAGE: GET http://www.example.com/signin with {} and HTTP headers {"HTTP_REFERER"=>"/users/1/edit"}
REQUESTING PAGE: POST /sessions with {"utf8"=>"\xE2\x9C\x93", "session"=>{"email"=>"mhartl@example.com", "password"=>"foobarfoo"}, "commit"=>"Sign in"} and HTTP headers {"HTTP_REFERER"=>"http://www.example.com/signin"}
REQUESTING PAGE: GET http://www.example.com/users/1/edit with {} and HTTP headers {"HTTP_REFERER"=>"/sessions"}
REQUESTING PAGE: GET / with {} and HTTP headers {}
REQUESTING PAGE: GET /users/1/edit with {} and HTTP headers {}
REQUESTING PAGE: GET http://www.example.com/signin with {} and HTTP headers {"HTTP_REFERER"=>"/users/1/edit"}
REQUESTING PAGE: POST /sessions with {"utf8"=>"\xE2\x9C\x93", "session"=>{"email"=>"mhartl@example.com", "password"=>"foobarfoo"}, "commit"=>"Sign in"} and HTTP headers {"HTTP_REFERER"=>"http://www.example.com/signin"}
REQUESTING PAGE: GET http://www.example.com/users/1/edit with {} and HTTP headers {"HTTP_REFERER"=>"/sessions"}
REQUESTING PAGE: GET / with {} and HTTP headers {}
REQUESTING PAGE: GET /users/1/edit with {} and HTTP headers {}
REQUESTING PAGE: GET http://www.example.com/signin with {} and HTTP headers {"HTTP_REFERER"=>"/users/1/edit"}
REQUESTING PAGE: POST /sessions with {"utf8"=>"\xE2\x9C\x93", "session"=>{"email"=>"mhartl@example.com", "password"=>"foobarfoo"}, "commit"=>"Sign in"} and HTTP headers {"HTTP_REFERER"=>"http://www.example.com/signin"}
REQUESTING PAGE: GET http://www.example.com/users/1/edit with {} and HTTP headers {"HTTP_REFERER"=>"/sessions"}
REQUESTING PAGE: GET / with {} and HTTP headers {}
REQUESTING PAGE: GET /users/1/edit with {} and HTTP headers {}
REQUESTING PAGE: GET http://www.example.com/signin with {} and HTTP headers {"HTTP_REFERER"=>"/users/1/edit"}
REQUESTING PAGE: POST /sessions with {"utf8"=>"\xE2\x9C\x93", "session"=>{"email"=>"mhartl@example.com", "password"=>"foobarfoo"}, "commit"=>"Sign in"} and HTTP headers {"HTTP_REFERER"=>"http://www.example.com/signin"}
REQUESTING PAGE: GET http://www.example.com/users/1/edit with {} and HTTP headers {"HTTP_REFERER"=>"/sessions"}
REQUESTING PAGE: GET / with {} and HTTP headers {}
REQUESTING PAGE: GET /users/1/edit with {} and HTTP headers {}
REQUESTING PAGE: GET http://www.example.com/signin with {} and HTTP headers {"HTTP_REFERER"=>"/users/1/edit"}
REQUESTING PAGE: POST /sessions with {"utf8"=>"\xE2\x9C\x93", "session"=>{"email"=>"mhartl@example.com", "password"=>"foobarfoo"}, "commit"=>"Sign in"} and HTTP headers {"HTTP_REFERER"=>"http://www.example.com/signin"}
REQUESTING PAGE: GET http://www.example.com/users/1/edit with {} and HTTP headers {"HTTP_REFERER"=>"/sessions"}
REQUESTING PAGE: GET / with {} and HTTP headers {}
REQUESTING PAGE: GET /users/1/edit with {} and HTTP headers {}
REQUESTING PAGE: GET http://www.example.com/signin with {} and HTTP headers {"HTTP_REFERER"=>"/users/1/edit"}
REQUESTING PAGE: POST /sessions with {"utf8"=>"\xE2\x9C\x93", "session"=>{"email"=>"mhartl@example.com", "password"=>"foobarfoo"}, "commit"=>"Sign in"} and HTTP headers {"HTTP_REFERER"=>"http://www.example.com/signin"}
REQUESTING PAGE: GET http://www.example.com/users/1/edit with {} and HTTP headers {"HTTP_REFERER"=>"/sessions"}
REQUESTING PAGE: GET / with {} and HTTP headers {}
REQUESTING PAGE: GET /users/1/edit with {} and HTTP headers {}
REQUESTING PAGE: GET http://www.example.com/signin with {} and HTTP headers {"HTTP_REFERER"=>"/users/1/edit"}
REQUESTING PAGE: POST /sessions with {"utf8"=>"\xE2\x9C\x93", "session"=>{"email"=>"mhartl@example.com", "password"=>"foobarfoo"}, "commit"=>"Sign in"} and HTTP headers {"HTTP_REFERER"=>"http://www.example.com/signin"}
REQUESTING PAGE: GET http://www.example.com/users/1/edit with {} and HTTP headers {"HTTP_REFERER"=>"/sessions"}
REQUESTING PAGE: GET / with {} and HTTP headers {}
REQUESTING PAGE: GET /users/1/edit with {} and HTTP headers {}
REQUESTING PAGE: GET http://www.example.com/signin with {} and HTTP headers {"HTTP_REFERER"=>"/users/1/edit"}
REQUESTING PAGE: POST /sessions with {"utf8"=>"\xE2\x9C\x93", "session"=>{"email"=>"mhartl@example.com", "password"=>"foobarfoo"}, "commit"=>"Sign in"} and HTTP headers {"HTTP_REFERER"=>"http://www.example.com/signin"}
REQUESTING PAGE: GET http://www.example.com/users/1/edit with {} and HTTP headers {"HTTP_REFERER"=>"/sessions"}
REQUESTING PAGE: GET / with {} and HTTP headers {}
REQUESTING PAGE: GET /users/1/edit with {} and HTTP headers {}
REQUESTING PAGE: GET http://www.example.com/signin with {} and HTTP headers {"HTTP_REFERER"=>"/users/1/edit"}
REQUESTING PAGE: POST /sessions with {"utf8"=>"\xE2\x9C\x93", "session"=>{"email"=>"mhartl@example.com", "password"=>"foobarfoo"}, "commit"=>"Sign in"} and HTTP headers {"HTTP_REFERER"=>"http://www.example.com/signin"}
REQUESTING PAGE: GET http://www.example.com/users/1/edit with {} and HTTP headers {"HTTP_REFERER"=>"/sessions"}
REQUESTING PAGE: GET / with {} and HTTP headers {}
REQUESTING PAGE: GET /users/1/edit with {} and HTTP headers {}
REQUESTING PAGE: GET http://www.example.com/signin with {} and HTTP headers {"HTTP_REFERER"=>"/users/1/edit"}
REQUESTING PAGE: POST /sessions with {"utf8"=>"\xE2\x9C\x93", "session"=>{"email"=>"mhartl@example.com", "password"=>"foobarfoo"}, "commit"=>"Sign in"} and HTTP headers {"HTTP_REFERER"=>"http://www.example.com/signin"}
REQUESTING PAGE: GET http://www.example.com/users/1/edit with {} and HTTP headers {"HTTP_REFERER"=>"/sessions"}
REQUESTING PAGE: GET / with {} and HTTP headers {}
REQUESTING PAGE: GET /users/1/edit with {} and HTTP headers {}
REQUESTING PAGE: GET http://www.example.com/signin with {} and HTTP headers {"HTTP_REFERER"=>"/users/1/edit"}
REQUESTING PAGE: POST /sessions with {"utf8"=>"\xE2\x9C\x93", "session"=>{"email"=>"mhartl@example.com", "password"=>"foobarfoo"}, "commit"=>"Sign in"} and HTTP headers {"HTTP_REFERER"=>"http://www.example.com/signin"}
REQUESTING PAGE: GET http://www.example.com/users/1/edit with {} and HTTP headers {"HTTP_REFERER"=>"/sessions"}
REQUESTING PAGE: GET / with {} and HTTP headers {}
REQUESTING PAGE: GET /users/1/edit with {} and HTTP headers {}
REQUESTING PAGE: GET http://www.example.com/signin with {} and HTTP headers {"HTTP_REFERER"=>"/users/1/edit"}
REQUESTING PAGE: POST /sessions with {"utf8"=>"\xE2\x9C\x93", "session"=>{"email"=>"mhartl@example.com", "password"=>"foobarfoo"}, "commit"=>"Sign in"} and HTTP headers {"HTTP_REFERER"=>"http://www.example.com/signin"}
REQUESTING PAGE: GET http://www.example.com/users/1/edit with {} and HTTP headers {"HTTP_REFERER"=>"/sessions"}
REQUESTING PAGE: GET / with {} and HTTP headers {}
REQUESTING PAGE: GET /users/1/edit with {} and HTTP headers {}
REQUESTING PAGE: GET http://www.example.com/signin with {} and HTTP headers {"HTTP_REFERER"=>"/users/1/edit"}
REQUESTING PAGE: POST /sessions with {"utf8"=>"\xE2\x9C\x93", "session"=>{"email"=>"mhartl@example.com", "password"=>"foobarfoo"}, "commit"=>"Sign in"} and HTTP headers {"HTTP_REFERER"=>"http://www.example.com/signin"}
REQUESTING PAGE: GET http://www.example.com/users/1/edit with {} and HTTP headers {"HTTP_REFERER"=>"/sessions"}
REQUESTING PAGE: GET / with {} and HTTP headers {}
REQUESTING PAGE: GET /users/1/edit with {} and HTTP headers {}
REQUESTING PAGE: GET http://www.example.com/signin with {} and HTTP headers {"HTTP_REFERER"=>"/users/1/edit"}
REQUESTING PAGE: POST /sessions with {"utf8"=>"\xE2\x9C\x93", "session"=>{"email"=>"mhartl@example.com", "password"=>"foobarfoo"}, "commit"=>"Sign in"} and HTTP headers {"HTTP_REFERER"=>"http://www.example.com/signin"}
REQUESTING PAGE: GET / with {} and HTTP headers {}
REQUESTING PAGE: GET / with {} and HTTP headers {}
REQUESTING PAGE: GET / with {} and HTTP headers {}
REQUESTING PAGE: GET / with {} and HTTP headers {}
REQUESTING PAGE: GET / with {} and HTTP headers {}
REQUESTING PAGE: GET / with {} and HTTP headers {}
REQUESTING PAGE: GET / with {} and HTTP headers {}
REQUESTING PAGE: GET / with {} and HTTP headers {}
REQUESTING PAGE: GET / with {} and HTTP headers {}
REQUESTING PAGE: GET / with {} and HTTP headers {}
REQUESTING PAGE: GET / with {} and HTTP headers {}
REQUESTING PAGE: GET / with {} and HTTP headers {}
REQUESTING PAGE: GET / with {} and HTTP headers {}
REQUESTING PAGE: GET / with {} and HTTP headers {}
REQUESTING PAGE: GET / with {} and HTTP headers {}
REQUESTING PAGE: GET / with {} and HTTP headers {}
REQUESTING PAGE: GET / with {} and HTTP headers {}
REQUESTING PAGE: GET / with {} and HTTP headers {}
REQUESTING PAGE: GET / with {} and HTTP headers {}
REQUESTING PAGE: GET / with {} and HTTP headers {}
REQUESTING PAGE: GET / with {} and HTTP headers {}
REQUESTING PAGE: GET / with {} and HTTP headers {}
REQUESTING PAGE: GET / with {} and HTTP headers {}
REQUESTING PAGE: GET / with {} and HTTP headers {}
REQUESTING PAGE: GET / with {} and HTTP headers {}
REQUESTING PAGE: GET / with {} and HTTP headers {}
REQUESTING PAGE: GET / with {} and HTTP headers {}
REQUESTING PAGE: GET / with {} and HTTP headers {}
REQUESTING PAGE: GET / with {} and HTTP headers {}
